<?xml version='1.0' encoding='UTF-8'?>
<testsuite hostname="tsf-460-wpa-2-097.epfl.ch" name="amyc.LexerTests" tests="20" errors="0" failures="0" skipped="0" time="0.305" timestamp="2022-10-19T10:22:23">
          <properties>
[...]
</properties>
          <testcase classname="amyc.LexerTests" name="testCommentClosedTwice" time="0.123">
                      
                    </testcase><testcase classname="amyc.LexerTests" name="testUnclosedComment" time="0.007">
                      
                    </testcase><testcase classname="amyc.LexerTests" name="testOperators" time="0.018">
                      
                    </testcase><testcase classname="amyc.LexerTests" name="testCombinations" time="0.02">
                      
                    </testcase><testcase classname="amyc.LexerTests" name="testTwoFiles" time="0.034">
                      
                    </testcase><testcase classname="amyc.LexerTests" name="testStringLiterals" time="0.01">
                      
                    </testcase><testcase classname="amyc.LexerTests" name="testTooBigInt" time="0.004">
                      
                    </testcase><testcase classname="amyc.LexerTests" name="testSingleAmp" time="0.007">
                      
                    </testcase><testcase classname="amyc.LexerTests" name="testSingleBar" time="0.004">
                      
                    </testcase><testcase classname="amyc.LexerTests" name="testUnclosedComment2" time="0.004">
                      
                    </testcase><testcase classname="amyc.LexerTests" name="testUnclosedComment3" time="0.006">
                      
                    </testcase><testcase classname="amyc.LexerTests" name="testUnclosedString1" time="0.003">
                      
                    </testcase><testcase classname="amyc.LexerTests" name="testUnclosedString2" time="0.004">
                      
                    </testcase><testcase classname="amyc.LexerTests" name="testWhitespace" time="0.008">
                      
                    </testcase><testcase classname="amyc.LexerTests" name="testDelimiters" time="0.008">
                      
                    </testcase><testcase classname="amyc.LexerTests" name="testComments" time="0.009">
                      
                    </testcase><testcase classname="amyc.LexerTests" name="testIdentifiers" time="0.012">
                      
                    </testcase><testcase classname="amyc.LexerTests" name="testKeywords" time="0.013">
                      
                    </testcase><testcase classname="amyc.LexerTests" name="testInvalid" time="0.003">
                      
                    </testcase><testcase classname="amyc.LexerTests" name="testIntLiterals" time="0.008">
                      
                    </testcase>
          <system-out><![CDATA[]]></system-out>
          <system-err><![CDATA[]]></system-err>
        </testsuite>